Asterisk (*) preceding a constraint indicates it was not met.
   This may be due to a setup or hold violation.

------------------------------------------------------------------------------------------------------
  Constraint                                |  Check  | Worst Case |  Best Case | Timing |   Timing   
                                            |         |    Slack   | Achievable | Errors |    Score   
------------------------------------------------------------------------------------------------------
  Autotimespec constraint for clock net clk | SETUP   |         N/A|     5.770ns|     N/A|           0
  _BUFGP                                    | HOLD    |     0.891ns|            |       0|           0
------------------------------------------------------------------------------------------------------
  Autotimespec constraint for clock net clk | SETUP   |         N/A|     8.646ns|     N/A|         241
  _speed                                    | HOLD    |     1.095ns|            |       0|           0
------------------------------------------------------------------------------------------------------
  Autotimespec constraint for clock net p0/ | SETUP   |         N/A|     3.264ns|     N/A|           0
  pbreg                                     | HOLD    |     0.808ns|            |       0|           0
------------------------------------------------------------------------------------------------------
* Autotimespec constraint for clock net p3/ | SETUP   |         N/A|     4.419ns|     N/A|           0
  m0/clk_1ms                                | HOLD    |    -0.141ns|            |       2|         178
------------------------------------------------------------------------------------------------------
  Autotimespec constraint for clock net m2/ | SETUP   |         N/A|     4.943ns|     N/A|           0
  clk_quatsec                               | HOLD    |     0.541ns|            |       0|           0
------------------------------------------------------------------------------------------------------
  Autotimespec constraint for clock net p4/ | SETUP   |         N/A|     4.577ns|     N/A|           0
  m0/clk_1ms                                | HOLD    |     0.139ns|            |       0|           0
------------------------------------------------------------------------------------------------------
  Autotimespec constraint for clock net p1/ | SETUP   |         N/A|     2.659ns|     N/A|           0
  pbreg                                     | HOLD    |     1.335ns|            |       0|           0
------------------------------------------------------------------------------------------------------
  Autotimespec constraint for clock net p5/ | SETUP   |         N/A|     4.657ns|     N/A|           0
  m0/clk_1ms                                | HOLD    |     0.657ns|            |       0|           0
------------------------------------------------------------------------------------------------------
  Autotimespec constraint for clock net p6/ | SETUP   |         N/A|     5.053ns|     N/A|           0
  m0/clk_1ms                                | HOLD    |     0.305ns|            |       0|           0
------------------------------------------------------------------------------------------------------
  Autotimespec constraint for clock net p7/ | SETUP   |         N/A|     4.744ns|     N/A|           0
  m0/clk_1ms                                | HOLD    |     0.414ns|            |       0|           0
------------------------------------------------------------------------------------------------------
  Autotimespec constraint for clock net p8/ | SETUP   |         N/A|     4.841ns|     N/A|           0
  m0/clk_1ms                                | HOLD    |     0.419ns|            |       0|           0
------------------------------------------------------------------------------------------------------
* Autotimespec constraint for clock net p9/ | SETUP   |         N/A|     4.561ns|     N/A|           0
  m0/clk_1ms                                | HOLD    |    -0.172ns|            |       1|         172
------------------------------------------------------------------------------------------------------
  Autotimespec constraint for clock net p2/ | SETUP   |         N/A|     5.090ns|     N/A|           0
  m0/clk_1ms                                | HOLD    |     0.101ns|            |       0|           0
------------------------------------------------------------------------------------------------------
  Autotimespec constraint for clock net p0/ | SETUP   |         N/A|     4.374ns|     N/A|           0
  m0/clk_1ms                                | HOLD    |     0.297ns|            |       0|           0
------------------------------------------------------------------------------------------------------
  Autotimespec constraint for clock net p1/ | SETUP   |         N/A|     4.770ns|     N/A|           0
  m0/clk_1ms                                | HOLD    |     0.642ns|            |       0|           0
------------------------------------------------------------------------------------------------------


3 constraints not met.
INFO:Timing:2761 - N/A entries in the Constraints list may indicate that the 
   constraint does not cover any paths or that it has no requested value.


