Release 10.1 Map K.31 (nt)
Xilinx Mapping Report File for Design 'top'

Design Information
------------------
Command Line   : map -ise C:/Users/CST/luxuhui/sss/aaa/aaa.ise -intstyle ise -p
xc3s200-ft256-4 -cm area -pr off -k 4 -c 100 -o top_map.ncd top.ngd top.pcf 
Target Device  : xc3s200
Target Package : ft256
Target Speed   : -4
Mapper Version : spartan3 -- $Revision: 1.46 $
Mapped Date    : Fri Jan 22 16:20:57 2016

Design Summary
--------------
Number of errors:      0
Number of warnings:    4
Logic Utilization:
  Number of Slice Flip Flops:           390 out of   3,840   10%
  Number of 4 input LUTs:               455 out of   3,840   11%
Logic Distribution:
  Number of occupied Slices:            427 out of   1,920   22%
    Number of Slices containing only related logic:     427 out of     427 100%
    Number of Slices containing unrelated logic:          0 out of     427   0%
      *See NOTES below for an explanation of the effects of unrelated logic.
  Total Number of 4 input LUTs:         716 out of   3,840   18%
    Number used as logic:               455
    Number used as a route-thru:        261
  Number of bonded IOBs:                 49 out of     173   28%
    IOB Latches:                          8
  Number of BUFGMUXs:                     2 out of       8   25%

Peak Memory Usage:  172 MB
Total REAL time to MAP completion:  3 secs 
Total CPU time to MAP completion:   3 secs 

NOTES:

   Related logic is defined as being logic that shares connectivity - e.g. two
   LUTs are "related" if they share common inputs.  When assembling slices,
   Map gives priority to combine logic that is related.  Doing so results in
   the best timing performance.

   Unrelated logic shares no connectivity.  Map will only begin packing
   unrelated logic into a slice once 99% of the slices are occupied through
   related logic packing.

   Note that once logic distribution reaches the 99% level through related
   logic packing, this does not mean the device is completely utilized.
   Unrelated logic packing will then begin, continuing until all usable LUTs
   and FFs are occupied.  Depending on your timing budget, increased levels of
   unrelated logic packing may adversely affect the overall timing performance
   of your design.

Table of Contents
-----------------
Section 1 - Errors
Section 2 - Warnings
Section 3 - Informational
Section 4 - Removed Logic Summary
Section 5 - Removed Logic
Section 6 - IOB Properties
Section 7 - RPMs
Section 8 - Guide Report
Section 9 - Area Group and Partition Summary
Section 10 - Modular Design Summary
Section 11 - Timing Report
Section 12 - Configuration String Information
Section 13 - Control Set Information
Section 14 - Utilization by Hierarchy

Section 1 - Errors
------------------

Section 2 - Warnings
--------------------
WARNING:LIT:243 - Logical network switch<2> has no load.
WARNING:LIT:395 - The above warning message base_net_load_rule is repeated 1
   more times for the following (max. 5 shown):
   switch<1>
   To see the details of these warning messages, please use the -detail switch.
WARNING:PhysDesignRules:372 - Gated clock. Clock net Y1_not0001 is sourced by a
   combinatorial pin. This is not good design practice. Use the CE pin to
   control the loading of data into the flip-flop.
WARNING:PhysDesignRules:372 - Gated clock. Clock net Y2_not0001 is sourced by a
   combinatorial pin. This is not good design practice. Use the CE pin to
   control the loading of data into the flip-flop.

Section 3 - Informational
-------------------------
INFO:MapLib:562 - No environment variables are currently set.
INFO:LIT:244 - All of the single ended outputs in this design are using slew
   rate limited output drivers. The delay on speed critical single ended outputs
   can be dramatically reduced by designating them as fast outputs.

Section 4 - Removed Logic Summary
---------------------------------
   2 block(s) optimized away

Section 5 - Removed Logic
-------------------------

Optimized Block(s):
TYPE 		BLOCK
GND 		XST_GND
VCC 		XST_VCC

To enable printing of redundant blocks removed and signals merged, set the
detailed map report option and rerun map.

Section 6 - IOB Properties
--------------------------

+----------------------------------------------------------------------------------------------------------------------------------------+
| IOB Name                           | Type             | Direction | IO Standard | Drive    | Slew | Reg (s)      | Resistor | IOB      |
|                                    |                  |           |             | Strength | Rate |              |          | Delay    |
+----------------------------------------------------------------------------------------------------------------------------------------+
| Y1<0>                              | IOB              | OUTPUT    | LVCMOS25    | 12       | SLOW | OLATCH1      |          |          |
| Y1<1>                              | IOB              | OUTPUT    | LVCMOS25    | 12       | SLOW | OLATCH1      |          |          |
| Y1<2>                              | IOB              | OUTPUT    | LVCMOS25    | 12       | SLOW | OLATCH1      |          |          |
| Y1<3>                              | IOB              | OUTPUT    | LVCMOS25    | 12       | SLOW | OLATCH1      |          |          |
| Y2<0>                              | IOB              | OUTPUT    | LVCMOS25    | 12       | SLOW | OLATCH1      |          |          |
| Y2<1>                              | IOB              | OUTPUT    | LVCMOS25    | 12       | SLOW | OLATCH1      |          |          |
| Y2<2>                              | IOB              | OUTPUT    | LVCMOS25    | 12       | SLOW | OLATCH1      |          |          |
| Y2<3>                              | IOB              | OUTPUT    | LVCMOS25    | 12       | SLOW | OLATCH1      |          |          |
| anode<0>                           | IOB              | OUTPUT    | LVCMOS25    | 12       | SLOW |              |          |          |
| anode<1>                           | IOB              | OUTPUT    | LVCMOS25    | 12       | SLOW |              |          |          |
| anode<2>                           | IOB              | OUTPUT    | LVCMOS25    | 12       | SLOW |              |          |          |
| anode<3>                           | IOB              | OUTPUT    | LVCMOS25    | 12       | SLOW |              |          |          |
| anode<4>                           | IOB              | OUTPUT    | LVCMOS25    | 12       | SLOW |              |          |          |
| anode<5>                           | IOB              | OUTPUT    | LVCMOS25    | 12       | SLOW |              |          |          |
| anode<6>                           | IOB              | OUTPUT    | LVCMOS25    | 12       | SLOW |              |          |          |
| anode<7>                           | IOB              | OUTPUT    | LVCMOS25    | 12       | SLOW |              |          |          |
| anode<8>                           | IOB              | OUTPUT    | LVCMOS25    | 12       | SLOW |              |          |          |
| anode<9>                           | IOB              | OUTPUT    | LVCMOS25    | 12       | SLOW |              |          |          |
| anode<10>                          | IOB              | OUTPUT    | LVCMOS25    | 12       | SLOW |              |          |          |
| anode<11>                          | IOB              | OUTPUT    | LVCMOS25    | 12       | SLOW |              |          |          |
| btn_ctr_in<0>                      | IOB              | INPUT     | LVCMOS25    |          |      |              |          |          |
| btn_ctr_in<1>                      | IOB              | INPUT     | LVCMOS25    |          |      |              |          |          |
| btn_ctr_in<2>                      | IOB              | INPUT     | LVCMOS25    |          |      |              |          |          |
| btn_ctr_in<3>                      | IOB              | INPUT     | LVCMOS25    |          |      |              |          |          |
| btn_ctr_in<4>                      | IOB              | INPUT     | LVCMOS25    |          |      |              |          |          |
| btn_ctr_in<5>                      | IOB              | INPUT     | LVCMOS25    |          |      |              |          |          |
| btn_ctr_in<6>                      | IOB              | INPUT     | LVCMOS25    |          |      |              |          |          |
| btn_ctr_in<7>                      | IOB              | INPUT     | LVCMOS25    |          |      |              |          |          |
| btn_in<0>                          | IOB              | INPUT     | LVCMOS25    |          |      |              |          |          |
| btn_in<1>                          | IOB              | INPUT     | LVCMOS25    |          |      |              |          |          |
| clk                                | IOB              | INPUT     | LVCMOS25    |          |      |              |          |          |
| segment<0>                         | IOB              | OUTPUT    | LVCMOS25    | 12       | SLOW |              |          |          |
| segment<1>                         | IOB              | OUTPUT    | LVCMOS25    | 12       | SLOW |              |          |          |
| segment<2>                         | IOB              | OUTPUT    | LVCMOS25    | 12       | SLOW |              |          |          |
| segment<3>                         | IOB              | OUTPUT    | LVCMOS25    | 12       | SLOW |              |          |          |
| segment<4>                         | IOB              | OUTPUT    | LVCMOS25    | 12       | SLOW |              |          |          |
| segment<5>                         | IOB              | OUTPUT    | LVCMOS25    | 12       | SLOW |              |          |          |
| segment<6>                         | IOB              | OUTPUT    | LVCMOS25    | 12       | SLOW |              |          |          |
| segment<7>                         | IOB              | OUTPUT    | LVCMOS25    | 12       | SLOW |              |          |          |
| segment<8>                         | IOB              | OUTPUT    | LVCMOS25    | 12       | SLOW |              |          |          |
| segment<9>                         | IOB              | OUTPUT    | LVCMOS25    | 12       | SLOW |              |          |          |
| segment<10>                        | IOB              | OUTPUT    | LVCMOS25    | 12       | SLOW |              |          |          |
| segment<11>                        | IOB              | OUTPUT    | LVCMOS25    | 12       | SLOW |              |          |          |
| segment<12>                        | IOB              | OUTPUT    | LVCMOS25    | 12       | SLOW |              |          |          |
| segment<13>                        | IOB              | OUTPUT    | LVCMOS25    | 12       | SLOW |              |          |          |
| segment<14>                        | IOB              | OUTPUT    | LVCMOS25    | 12       | SLOW |              |          |          |
| segment<15>                        | IOB              | OUTPUT    | LVCMOS25    | 12       | SLOW |              |          |          |
| switch<0>                          | IOB              | INPUT     | LVCMOS25    |          |      |              |          |          |
| switch<3>                          | IOB              | INPUT     | LVCMOS25    |          |      |              |          |          |
+----------------------------------------------------------------------------------------------------------------------------------------+

Section 7 - RPMs
----------------

Section 8 - Guide Report
------------------------
Guide not run on this design.

Section 9 - Area Group and Partition Summary
--------------------------------------------

Partition Implementation Status
-------------------------------

  No Partitions were found in this design.

-------------------------------

Area Group Information
----------------------

  No area groups were found in this design.

----------------------

Section 10 - Modular Design Summary
-----------------------------------
Modular Design not used for this design.

Section 11 - Timing Report
--------------------------
This design was not run using timing mode.

Section 12 - Configuration String Details
-----------------------------------------
Use the "-detail" map option to print out Configuration Strings

Section 13 - Control Set Information
------------------------------------
No control set information for this architecture.

Section 14 - Utilization by Hierarchy
-------------------------------------
+-------------------------------------------------------------------------------------------------------------------------------------------------------------+
| Module             | Partition | Slices        | Slice Reg     | LUTs          | LUTRAM        | BRAM      | MULT18X18 | BUFG  | DCM   | Full Hierarchical  |
+-------------------------------------------------------------------------------------------------------------------------------------------------------------+
| top/               |           | 318/588       | 43/390        | 529/716       | 0/0           | 0/0       | 0/0       | 2/2   | 0/0   | top                |
| +m0                |           | 21/21         | 32/32         | 17/17         | 0/0           | 0/0       | 0/0       | 0/0   | 0/0   | top/m0             |
| +m1                |           | 27/27         | 32/32         | 32/32         | 0/0           | 0/0       | 0/0       | 0/0   | 0/0   | top/m1             |
| +m2                |           | 22/22         | 33/33         | 8/8           | 0/0           | 0/0       | 0/0       | 0/0   | 0/0   | top/m2             |
| +p0                |           | 7/20          | 8/25          | 6/13          | 0/0           | 0/0       | 0/0       | 0/0   | 0/0   | top/p0             |
| ++m0               |           | 13/13         | 17/17         | 7/7           | 0/0           | 0/0       | 0/0       | 0/0   | 0/0   | top/p0/m0          |
| +p1                |           | 7/20          | 8/25          | 6/13          | 0/0           | 0/0       | 0/0       | 0/0   | 0/0   | top/p1             |
| ++m0               |           | 13/13         | 17/17         | 7/7           | 0/0           | 0/0       | 0/0       | 0/0   | 0/0   | top/p1/m0          |
| +p2                |           | 7/20          | 8/25          | 6/13          | 0/0           | 0/0       | 0/0       | 0/0   | 0/0   | top/p2             |
| ++m0               |           | 13/13         | 17/17         | 7/7           | 0/0           | 0/0       | 0/0       | 0/0   | 0/0   | top/p2/m0          |
| +p3                |           | 7/20          | 8/25          | 6/13          | 0/0           | 0/0       | 0/0       | 0/0   | 0/0   | top/p3             |
| ++m0               |           | 13/13         | 17/17         | 7/7           | 0/0           | 0/0       | 0/0       | 0/0   | 0/0   | top/p3/m0          |
| +p4                |           | 7/20          | 8/25          | 6/13          | 0/0           | 0/0       | 0/0       | 0/0   | 0/0   | top/p4             |
| ++m0               |           | 13/13         | 17/17         | 7/7           | 0/0           | 0/0       | 0/0       | 0/0   | 0/0   | top/p4/m0          |
| +p5                |           | 7/20          | 8/25          | 6/13          | 0/0           | 0/0       | 0/0       | 0/0   | 0/0   | top/p5             |
| ++m0               |           | 13/13         | 17/17         | 7/7           | 0/0           | 0/0       | 0/0       | 0/0   | 0/0   | top/p5/m0          |
| +p6                |           | 7/20          | 8/25          | 6/13          | 0/0           | 0/0       | 0/0       | 0/0   | 0/0   | top/p6             |
| ++m0               |           | 13/13         | 17/17         | 7/7           | 0/0           | 0/0       | 0/0       | 0/0   | 0/0   | top/p6/m0          |
| +p7                |           | 7/20          | 8/25          | 6/13          | 0/0           | 0/0       | 0/0       | 0/0   | 0/0   | top/p7             |
| ++m0               |           | 13/13         | 17/17         | 7/7           | 0/0           | 0/0       | 0/0       | 0/0   | 0/0   | top/p7/m0          |
| +p8                |           | 7/20          | 8/25          | 6/13          | 0/0           | 0/0       | 0/0       | 0/0   | 0/0   | top/p8             |
| ++m0               |           | 13/13         | 17/17         | 7/7           | 0/0           | 0/0       | 0/0       | 0/0   | 0/0   | top/p8/m0          |
| +p9                |           | 7/20          | 8/25          | 6/13          | 0/0           | 0/0       | 0/0       | 0/0   | 0/0   | top/p9             |
| ++m0               |           | 13/13         | 17/17         | 7/7           | 0/0           | 0/0       | 0/0       | 0/0   | 0/0   | top/p9/m0          |
+-------------------------------------------------------------------------------------------------------------------------------------------------------------+

* Slices can be packed with basic elements from multiple hierarchies.
  Therefore, a slice will be counted in every hierarchical module
  that each of its packed basic elements belong to.
** For each column, there are two numbers reported <A>/<B>.
   <A> is the number of elements that belong to that specific hierarchical module.
   <B> is the total number of elements from that hierarchical module and any lower level
   hierarchical modules below.
*** The LUTRAM column counts all LUTs used as memory including RAM, ROM, and shift registers.
